Usage: make [target]

Targets:
  build          Build everything (deps + compile)
  compile        Compile C++ and Cython
  compile-cpp    Compile C++ only
  compile-cython Compile Cython only
  clean          Clean build artifacts
  format         Format and fix code (all tools)
  lint           Run linters
  test                    Run all tests
  test-fast               Run tests (fail fast)
  test-imports            Run import tests only
  test-types              Run type tests only
  test-metrics            Run metrics tests only
  test-preprocessing      Run preprocessing tests only
  test-pp                 Alias for test-preprocessing
  test-download           Run download & registry tests
  test-download-no-network Run download tests (skip network)
  test-verbose            Run tests with verbose output
  test-coverage           Run tests with coverage report
  test-quick              Quick sanity test (import check)
  test-models             Test model registry
  cloc           Count lines of code
  tree           Show git-tracked files tree (filtered)

Documentation:
  makedoc        Start documentation dev server
  docs-dev       Start documentation dev server (alias)
  docs-build     Build documentation for production
  docs-preview   Preview built documentation
  docs-clean     Clean documentation build artifacts
